\BOOKMARK [1][-]{section.1}{\376\377\226\217\141\037}{}% 1
\BOOKMARK [2][-]{subsection.1.1}{\376\377\232\330\116\343\116\013\147\037\147\053\131\015\166\330}{section.1}% 2
\BOOKMARK [2][-]{subsection.1.2}{\376\377\123\315\140\035\201\352\135\361\166\204\133\146\116\140\116\140\140\357\377\014\133\146\116\140\137\303\140\001\377\014\165\037\155\073\162\266\140\001\377\014\116\272\165\037\166\356\150\007\377\014\116\052\116\272\133\236\163\260}{section.1}% 3
\BOOKMARK [3][-]{subsubsection.1.2.1}{\376\377\122\252\122\233}{subsection.1.2}% 4
\BOOKMARK [3][-]{subsubsection.1.2.2}{\376\377\116\244\155\101}{subsection.1.2}% 5
\BOOKMARK [3][-]{subsubsection.1.2.3}{\376\377\140\035\200\003}{subsection.1.2}% 6
\BOOKMARK [3][-]{subsubsection.1.2.4}{\376\377\160\355\140\305}{subsection.1.2}% 7
\BOOKMARK [3][-]{subsubsection.1.2.5}{\376\377\165\037\155\073\116\140\140\357\116\016\201\352\137\213}{subsection.1.2}% 8
\BOOKMARK [3][-]{subsubsection.1.2.6}{\376\377\137\303\140\001\116\016\147\052\147\145}{subsection.1.2}% 9
\BOOKMARK [2][-]{subsection.1.3}{\376\377\133\146\116\140\127\060\160\271\116\016\133\146\116\140\162\266\140\001}{section.1}% 10
\BOOKMARK [2][-]{subsection.1.4}{\376\377\145\160\133\146\133\146\116\140\166\204\140\035\140\363}{section.1}% 11
\BOOKMARK [2][-]{subsection.1.5}{\376\377\146\221\120\107\133\146\116\140}{section.1}% 12
\BOOKMARK [2][-]{subsection.1.6}{\376\377\000L\000i\000f\000e\000\040\000i\000s\000\040\000a\000\040\000r\000a\000n\000d\000o\000m\000\040\000w\000a\000l\000k}{section.1}% 13
\BOOKMARK [3][-]{subsubsection.1.6.1}{\376\377\116\000}{subsection.1.6}% 14
\BOOKMARK [3][-]{subsubsection.1.6.2}{\376\377\116\214}{subsection.1.6}% 15
\BOOKMARK [3][-]{subsubsection.1.6.3}{\376\377\116\011}{subsection.1.6}% 16
\BOOKMARK [3][-]{subsubsection.1.6.4}{\376\377\126\333}{subsection.1.6}% 17
\BOOKMARK [3][-]{subsubsection.1.6.5}{\376\377\116\224}{subsection.1.6}% 18
\BOOKMARK [2][-]{subsection.1.7}{\376\377\131\202\117\125\213\373\145\160\133\146\145\131\147\120}{section.1}% 19
\BOOKMARK [1][-]{section.2}{\376\377\147\054\171\321\165\037\171\321\170\024}{}% 20
\BOOKMARK [2][-]{subsection.2.1}{\376\377\000Z\000a\000i\000w\000e\000n\000\040\000W\000e\000n}{section.2}% 21
